[debug] [2024-02-01T18:19:01.886Z] ----------------------------------------------------------------------
[debug] [2024-02-01T18:19:01.890Z] Command:       C:\Program Files\nodejs\node.exe C:\Users\hp\AppData\Roaming\npm\node_modules\firebase-tools\lib\bin\firebase.js init
[debug] [2024-02-01T18:19:01.891Z] CLI Version:   13.1.0
[debug] [2024-02-01T18:19:01.891Z] Platform:      win32
[debug] [2024-02-01T18:19:01.891Z] Node Version:  v20.11.0
[debug] [2024-02-01T18:19:01.891Z] Time:          Thu Feb 01 2024 23:49:01 GMT+0530 (India Standard Time)
[debug] [2024-02-01T18:19:01.892Z] ----------------------------------------------------------------------
[debug] 
[debug] [2024-02-01T18:19:01.905Z] >>> [apiv2][query] GET https://firebase-public.firebaseio.com/cli.json [none]
[debug] [2024-02-01T18:19:02.045Z] > command requires scopes: ["email","openid","https://www.googleapis.com/auth/cloudplatformprojects.readonly","https://www.googleapis.com/auth/firebase","https://www.googleapis.com/auth/cloud-platform"]
[debug] [2024-02-01T18:19:02.045Z] > authorizing via signed-in user (awansajid21@gmail.com)
[info] 
     ######## #### ########  ######## ########     ###     ######  ########
     ##        ##  ##     ## ##       ##     ##  ##   ##  ##       ##
     ######    ##  ########  ######   ########  #########  ######  ######
     ##        ##  ##    ##  ##       ##     ## ##     ##       ## ##
     ##       #### ##     ## ######## ########  ##     ##  ######  ########

You're about to initialize a Firebase project in this directory:

  C:\Users\hp\Desktop\gmail\gmail-clone

[debug] [2024-02-01T18:19:03.475Z] <<< [apiv2][status] GET https://firebase-public.firebaseio.com/cli.json 200
[debug] [2024-02-01T18:19:03.477Z] <<< [apiv2][body] GET https://firebase-public.firebaseio.com/cli.json {"cloudBuildErrorAfter":1594252800000,"cloudBuildWarnAfter":1590019200000,"defaultNode10After":1594252800000,"minVersion":"3.0.5","node8DeploysDisabledAfter":1613390400000,"node8RuntimeDisabledAfter":1615809600000,"node8WarnAfter":1600128000000}
